{"D:\\Домашние работы\\7.7.2\\order-by-props\\src\\orderByProps.js": {"path":"D:\\Домашние работы\\7.7.2\\order-by-props\\src\\orderByProps.js","statementMap":{"0":{"start":{"line":2,"column":20},"end":{"line":2,"column":22}},"1":{"start":{"line":3,"column":22},"end":{"line":3,"column":24}},"2":{"start":{"line":5,"column":4},"end":{"line":11,"column":5}},"3":{"start":{"line":6,"column":6},"end":{"line":10,"column":7}},"4":{"start":{"line":7,"column":8},"end":{"line":7,"column":54}},"5":{"start":{"line":9,"column":8},"end":{"line":9,"column":56}},"6":{"start":{"line":13,"column":4},"end":{"line":13,"column":57}},"7":{"start":{"line":13,"column":29},"end":{"line":13,"column":55}},"8":{"start":{"line":15,"column":4},"end":{"line":15,"column":83}},"9":{"start":{"line":15,"column":32},"end":{"line":15,"column":66}},"10":{"start":{"line":15,"column":51},"end":{"line":15,"column":65}}},"fnMap":{"0":{"name":"orderByProps","decl":{"start":{"line":1,"column":9},"end":{"line":1,"column":21}},"loc":{"start":{"line":1,"column":34},"end":{"line":16,"column":3}},"line":1},"1":{"name":"(anonymous_1)","decl":{"start":{"line":13,"column":19},"end":{"line":13,"column":20}},"loc":{"start":{"line":13,"column":29},"end":{"line":13,"column":55}},"line":13},"2":{"name":"(anonymous_2)","decl":{"start":{"line":15,"column":25},"end":{"line":15,"column":26}},"loc":{"start":{"line":15,"column":32},"end":{"line":15,"column":66}},"line":15},"3":{"name":"(anonymous_3)","decl":{"start":{"line":15,"column":45},"end":{"line":15,"column":46}},"loc":{"start":{"line":15,"column":51},"end":{"line":15,"column":65}},"line":15}},"branchMap":{"0":{"loc":{"start":{"line":6,"column":6},"end":{"line":10,"column":7}},"type":"if","locations":[{"start":{"line":6,"column":6},"end":{"line":10,"column":7}},{"start":{"line":8,"column":13},"end":{"line":10,"column":7}}],"line":6}},"s":{"0":2,"1":2,"2":2,"3":10,"4":2,"5":8,"6":2,"7":13,"8":2,"9":2,"10":3},"f":{"0":2,"1":13,"2":2,"3":3},"b":{"0":[2,8]},"_coverageSchema":"1a1c01bbd47fc00a2c39e90264f33305004495a9","hash":"31314e0eb5d748ae446d86ec0790b93393692bc5"}
}
